<?xml version="1.0" encoding="UTF-8"?>
<testng-results ignored="0" total="1" passed="1" failed="0" skipped="0">
  <reporter-output>
  </reporter-output>
  <suite started-at="2023-09-06T14:30:04 IST" name="Default suite" finished-at="2023-09-06T14:30:26 IST" duration-ms="21411">
    <groups>
    </groups>
    <test started-at="2023-09-06T14:30:04 IST" name="Default test" finished-at="2023-09-06T14:30:26 IST" duration-ms="21411">
      <class name="com.DemoWebShop.TestScripts.DDF">
        <test-method is-config="true" signature="LaunchApplication()[pri:0, instance:com.DemoWebShop.TestScripts.DDF@39529185]" started-at="2023-09-06T14:30:04 IST" name="LaunchApplication" finished-at="2023-09-06T14:30:17 IST" duration-ms="12377" status="PASS">
          <reporter-output>
          </reporter-output>
        </test-method> <!-- LaunchApplication -->
        <test-method signature="verifyErrorMsg()[pri:0, instance:com.DemoWebShop.TestScripts.DDF@39529185]" started-at="2023-09-06T14:30:17 IST" name="verifyErrorMsg" finished-at="2023-09-06T14:30:25 IST" duration-ms="8022" status="PASS">
          <reporter-output>
          </reporter-output>
        </test-method> <!-- verifyErrorMsg -->
        <test-method is-config="true" signature="CloseBrowser()[pri:0, instance:com.DemoWebShop.TestScripts.DDF@39529185]" started-at="2023-09-06T14:30:25 IST" name="CloseBrowser" finished-at="2023-09-06T14:30:26 IST" duration-ms="863" status="PASS">
          <reporter-output>
          </reporter-output>
        </test-method> <!-- CloseBrowser -->
      </class> <!-- com.DemoWebShop.TestScripts.DDF -->
    </test> <!-- Default test -->
  </suite> <!-- Default suite -->
</testng-results>
